2024-12-06 21:56:06.478 [main] INFO  i.g.bonigarcia.wdm.WebDriverManager - Using chromedriver 131.0.6778.87 (resolved driver for Chrome 131)
2024-12-06 21:56:06.514 [main] INFO  i.g.bonigarcia.wdm.WebDriverManager - Exporting webdriver.chrome.driver as C:\Users\zcl15\.cache\selenium\chromedriver\win64\131.0.6778.87\chromedriver.exe
2024-12-06 21:56:08.341 [main] INFO  org.ceiling.base.BasePage - CHROME 浏览器启动成功，正在打开网站...
2024-12-06 21:56:09.751 [main] INFO  org.ceiling.base.BasePage - Element found: By.id: kw
2024-12-06 21:56:10.065 [main] INFO  org.ceiling.base.BasePage - Element found: By.id: kw
2024-12-06 21:56:10.256 [main] INFO  org.ceiling.base.BaseHandler - Input text: 123 into element: [[ChromeDriver: chrome on windows (ceac5f73ea374e902f1710ee5d44290a)] -> id: kw]
2024-12-06 21:56:10.257 [main] INFO  org.ceiling.base.BasePage - Element found: By.id: su
2024-12-06 21:56:10.294 [main] INFO  org.ceiling.base.BasePage - Element found: By.id: su
2024-12-06 21:56:10.387 [main] INFO  org.ceiling.base.BaseHandler - Clicked on the element: [[ChromeDriver: chrome on windows (ceac5f73ea374e902f1710ee5d44290a)] -> id: su]
2024-12-10 21:45:53.457 [main] INFO  i.g.bonigarcia.wdm.WebDriverManager - Using chromedriver 131.0.6778.87 (resolved driver for Chrome 131)
2024-12-10 21:45:53.483 [main] INFO  i.g.bonigarcia.wdm.WebDriverManager - Exporting webdriver.chrome.driver as C:\Users\zcl15\.cache\selenium\chromedriver\win64\131.0.6778.87\chromedriver.exe
2024-12-10 21:45:55.604 [main] INFO  org.ceiling.base.BasePage - CHROME 浏览器启动成功，正在打开网站...
2024-12-10 21:45:56.557 [main] INFO  org.ceiling.base.BasePage - Element found: By.id: kw
2024-12-10 21:45:56.618 [main] INFO  org.ceiling.base.BasePage - Element found: By.id: kw
2024-12-10 21:45:56.728 [main] INFO  org.ceiling.base.BaseHandler - Input text: 123 into element: [[ChromeDriver: chrome on windows (9210652745ea2bc45e65d9a75190427c)] -> id: kw]
2024-12-10 21:45:56.728 [main] INFO  org.ceiling.base.BasePage - Element found: By.id: su
2024-12-10 21:45:56.760 [main] INFO  org.ceiling.base.BasePage - Element found: By.id: su
2024-12-10 21:45:56.828 [main] INFO  org.ceiling.base.BaseHandler - Clicked on the element: [[ChromeDriver: chrome on windows (9210652745ea2bc45e65d9a75190427c)] -> id: su]
2024-12-10 21:45:59.158 [main] INFO  org.ceiling.base.BaseHandler - Screenshot saved to: screenshot\baidu\百度搜索结果截图.png
2024-12-11 20:24:19.604 [main] INFO  i.g.bonigarcia.wdm.WebDriverManager - Using chromedriver 131.0.6778.87 (resolved driver for Chrome 131)
2024-12-11 20:24:19.624 [main] INFO  i.g.bonigarcia.wdm.WebDriverManager - Exporting webdriver.chrome.driver as C:\Users\zcl15\.cache\selenium\chromedriver\win64\131.0.6778.87\chromedriver.exe
2024-12-11 20:24:21.224 [main] INFO  org.ceiling.base.BasePage - CHROME 浏览器启动成功，正在打开网站...
2024-12-11 20:24:22.484 [main] INFO  org.ceiling.base.BasePage - Element found: By.id: kw
2024-12-11 20:24:22.530 [main] INFO  org.ceiling.base.BasePage - Element found: By.id: kw
2024-12-11 20:24:22.607 [main] INFO  org.ceiling.base.BaseHandler - Input text: 123 into element: [[ChromeDriver: chrome on windows (2b9a98b77dba3765f892f7d2e41cd943)] -> id: kw]
2024-12-11 20:24:22.607 [main] INFO  org.ceiling.base.BasePage - Element found: By.id: su
2024-12-11 20:24:22.644 [main] INFO  org.ceiling.base.BasePage - Element found: By.id: su
2024-12-11 20:24:22.713 [main] INFO  org.ceiling.base.BaseHandler - Clicked on the element: [[ChromeDriver: chrome on windows (2b9a98b77dba3765f892f7d2e41cd943)] -> id: su]
2024-12-11 20:24:25.018 [main] INFO  org.ceiling.base.BaseHandler - Screenshot saved to: screenshot\baidu\百度搜索结果截图.png
2024-12-11 20:27:13.774 [main] INFO  i.g.bonigarcia.wdm.WebDriverManager - Using chromedriver 131.0.6778.87 (resolved driver for Chrome 131)
2024-12-11 20:27:13.798 [main] INFO  i.g.bonigarcia.wdm.WebDriverManager - Exporting webdriver.chrome.driver as C:\Users\zcl15\.cache\selenium\chromedriver\win64\131.0.6778.87\chromedriver.exe
2024-12-11 20:27:15.227 [main] INFO  org.ceiling.base.BasePage - CHROME 浏览器启动成功，正在打开网站...
2024-12-11 20:27:16.088 [main] INFO  org.ceiling.base.BasePage - Element found: By.id: kw
2024-12-11 20:27:16.164 [main] INFO  org.ceiling.base.BasePage - Element found: By.id: kw
2024-12-11 20:27:16.258 [main] INFO  org.ceiling.base.BaseHandler - Input text: 123 into element: [[ChromeDriver: chrome on windows (a9f11b057e347b6dfb2ed2803af16e48)] -> id: kw]
2024-12-11 20:27:16.258 [main] INFO  org.ceiling.base.BasePage - Element found: By.id: su
2024-12-11 20:27:16.298 [main] INFO  org.ceiling.base.BasePage - Element found: By.id: su
2024-12-11 20:27:16.391 [main] INFO  org.ceiling.base.BaseHandler - Clicked on the element: [[ChromeDriver: chrome on windows (a9f11b057e347b6dfb2ed2803af16e48)] -> id: su]
2024-12-11 20:27:18.730 [main] INFO  org.ceiling.base.BaseHandler - Screenshot saved to: screenshot\baidu\百度搜索结果截图.png
